Exception in thread "main" java.awt.AWTError: Can't connect to X11 window server using 'localhost:13.0' as the value of the DISPLAY variable.
	at java.desktop/sun.awt.X11GraphicsEnvironment.initDisplay(Native Method)
	at java.desktop/sun.awt.X11GraphicsEnvironment$1.run(X11GraphicsEnvironment.java:105)
	at java.base/java.security.AccessController.doPrivileged(AccessController.java:318)
	at java.desktop/sun.awt.X11GraphicsEnvironment.initStatic(X11GraphicsEnvironment.java:64)
	at java.desktop/sun.awt.X11GraphicsEnvironment.<clinit>(X11GraphicsEnvironment.java:59)
	at java.desktop/sun.awt.PlatformGraphicsInfo.createGE(PlatformGraphicsInfo.java:36)
	at java.desktop/java.awt.GraphicsEnvironment$LocalGE.createGE(GraphicsEnvironment.java:93)
	at java.desktop/java.awt.GraphicsEnvironment$LocalGE.<clinit>(GraphicsEnvironment.java:84)
	at java.desktop/java.awt.GraphicsEnvironment.getLocalGraphicsEnvironment(GraphicsEnvironment.java:106)
	at java.desktop/sun.awt.X11.XToolkit.<clinit>(XToolkit.java:224)
	at java.desktop/sun.awt.PlatformGraphicsInfo.createToolkit(PlatformGraphicsInfo.java:40)
	at java.desktop/java.awt.Toolkit.getDefaultToolkit(Toolkit.java:599)
	at java.desktop/sun.swing.SwingUtilities2.getSystemMnemonicKeyMask(SwingUtilities2.java:2206)
	at java.desktop/javax.swing.plaf.basic.BasicLookAndFeel.initComponentDefaults(BasicLookAndFeel.java:1100)
	at java.desktop/javax.swing.plaf.metal.MetalLookAndFeel.initComponentDefaults(MetalLookAndFeel.java:446)
	at java.desktop/javax.swing.plaf.basic.BasicLookAndFeel.getDefaults(BasicLookAndFeel.java:153)
	at java.desktop/javax.swing.plaf.metal.MetalLookAndFeel.getDefaults(MetalLookAndFeel.java:1566)
	at java.desktop/javax.swing.UIManager.setLookAndFeel(UIManager.java:593)
	at java.desktop/javax.swing.UIManager.setLookAndFeel(UIManager.java:635)
	at java.desktop/javax.swing.UIManager.initializeDefaultLAF(UIManager.java:1412)
	at java.desktop/javax.swing.UIManager.initialize(UIManager.java:1525)
	at java.desktop/javax.swing.UIManager.maybeInitialize(UIManager.java:1491)
	at java.desktop/javax.swing.UIManager.getDefaults(UIManager.java:716)
	at java.desktop/javax.swing.UIManager.getColor(UIManager.java:758)
	at org.jfree.chart.JFreeChart.<clinit>(JFreeChart.java:258)
	at org.jfree.chart.ChartFactory.createXYLineChart(ChartFactory.java:1748)
	at org.bioinfo.ngs.qc.qualimap.beans.BamQCChart.render(BamQCChart.java:192)
	at org.bioinfo.ngs.qc.qualimap.beans.BamQCRegionReporter.computeChartsBuffers(BamQCRegionReporter.java:673)
	at org.bioinfo.ngs.qc.qualimap.main.BamQcTool.execute(BamQcTool.java:263)
	at org.bioinfo.ngs.qc.qualimap.main.NgsSmartTool.run(NgsSmartTool.java:190)
	at org.bioinfo.ngs.qc.qualimap.main.NgsSmartMain.main(NgsSmartMain.java:113)

sambamba 1.0.0
 by Artem Tarasov and Pjotr Prins (C) 2012-2022
    LDC 1.28.1 / DMD v2.098.1 / LLVM12.0.0 / bootstrap LDC - the LLVM D compiler (1.28.1)

